<?xml version="1.0" encoding="UTF-8"?>
<!-- Generated by org.testng.reporters.JUnitReportReporter -->
<testsuite hostname="Macintoshs-MacBook-Air.local" failures="0" tests="1" name="page.objectmodel.Proppom" time="78.423" errors="0" timestamp="2023-06-02T08:06:46 IST" skipped="0">
  <testcase classname="page.objectmodel.Proppom" name="login_FB" time="78.423"/>
  <system-out/>
</testsuite> <!-- page.objectmodel.Proppom -->
