<?xml version="1.0" encoding="UTF-8"?>
<!-- Generated by org.testng.reporters.JUnitReportReporter -->
<testsuite hostname="Macintoshs-MacBook-Air.local" failures="0" tests="1" name="page.objectmodel.pom2" time="69.073" errors="0" timestamp="2023-06-02T08:08:34 IST" skipped="0">
  <testcase classname="page.objectmodel.pom2" name="VerifyFBlogin" time="69.073"/>
  <system-out/>
</testsuite> <!-- page.objectmodel.pom2 -->
