<?xml version="1.0" encoding="UTF-8"?>
<!-- Generated by org.testng.reporters.JUnitReportReporter -->
<testsuite hostname="Macintoshs-MacBook-Air.local" failures="0" tests="11" name="TestNG.Practise_basic_multilemethods" time="86.932" errors="0" timestamp="2023-05-28T10:18:05 IST" skipped="0">
  <testcase classname="TestNG.Practise_basic_multilemethods" name="practise" time="28.138"/>
  <system-out/>
  <testcase classname="TestNG.Practise_basic_multilemethods" name="gotourl" time="26.813"/>
  <system-out/>
  <testcase classname="TestNG.Practise_basic_multilemethods" name="maximize" time="0.592"/>
  <system-out/>
  <testcase classname="TestNG.Practise_basic_multilemethods" name="gettitle1" time="5.029"/>
  <system-out/>
  <testcase classname="TestNG.Practise_basic_multilemethods" name="click" time="5.531"/>
  <system-out/>
  <testcase classname="TestNG.Practise_basic_multilemethods" name="switchto" time="5.045"/>
  <system-out/>
  <testcase classname="TestNG.Practise_basic_multilemethods" name="gettitle2" time="5.036"/>
  <system-out/>
  <testcase classname="TestNG.Practise_basic_multilemethods" name="close1" time="0.081"/>
  <system-out/>
  <testcase classname="TestNG.Practise_basic_multilemethods" name="switch2" time="5.040"/>
  <system-out/>
  <testcase classname="TestNG.Practise_basic_multilemethods" name="gettitle3" time="5.043"/>
  <system-out/>
  <testcase classname="TestNG.Practise_basic_multilemethods" name="close2" time="0.584"/>
  <system-out/>
</testsuite> <!-- TestNG.Practise_basic_multilemethods -->
