<?xml version="1.0" encoding="UTF-8"?>
<!-- Generated by org.testng.reporters.JUnitReportReporter -->
<testsuite hostname="Macintoshs-MacBook-Air.local" failures="0" tests="8" name="TestNG.Assignment_01" time="42.831" errors="0" timestamp="2023-05-28T22:52:23 IST" skipped="0">
  <testcase classname="TestNG.Assignment_01" name="setup" time="9.036"/>
  <system-out/>
  <testcase classname="TestNG.Assignment_01" name="url" time="6.778"/>
  <system-out/>
  <testcase classname="TestNG.Assignment_01" name="mobilenumber" time="5.140"/>
  <system-out/>
  <testcase classname="TestNG.Assignment_01" name="password" time="5.153"/>
  <system-out/>
  <testcase classname="TestNG.Assignment_01" name="click" time="0.121"/>
  <system-out/>
  <testcase classname="TestNG.Assignment_01" name="username" time="16.393"/>
  <system-out/>
  <testcase classname="TestNG.Assignment_01" name="verifylogin" time="0.017"/>
  <system-out/>
  <testcase classname="TestNG.Assignment_01" name="close" time="0.193"/>
  <system-out/>
</testsuite> <!-- TestNG.Assignment_01 -->
