<?xml version="1.0" encoding="UTF-8"?>
<!-- Generated by org.testng.reporters.JUnitReportReporter -->
<testsuite hostname="Macintoshs-MacBook-Air.local" failures="0" tests="1" name="POM.pom2" time="53.246" errors="0" timestamp="2023-06-01T21:54:30 IST" skipped="0">
  <testcase classname="POM.pom2" name="VerifyFBlogin" time="53.246"/>
  <system-out/>
</testsuite> <!-- POM.pom2 -->
